<?xml version="1.0" encoding="UTF-8"?>
<!-- Generated by org.testng.reporters.JUnitReportReporter -->
<testsuite skipped="0" hostname="LAPTOP-VHJ8N7IM" name="priv.xzd.test.user.service.UserServiceTest" tests="1" failures="0" timestamp="26 三月 2018 14:36:26 GMT" time="0.335" errors="0">
  <testcase name="hasMatchUser" time="0.335" classname="priv.xzd.test.user.service.UserServiceTest"/>
</testsuite> <!-- priv.xzd.test.user.service.UserServiceTest -->
